<?xml version="1.0" encoding="UTF-8"?>
<!-- Generated by org.testng.reporters.JUnitXMLReporter -->
<testsuite ignored="0" hostname="Ashish" failures="0" tests="4" name="Surefire test" time="129.552" errors="0" timestamp="2025-04-02T19:17:15 IST">
  <testcase classname="RahulShettySeleniumFramework.tests.ErrorValidationTest" name="loginErrorValidation" time="1.781"/>
  <testcase classname="RahulShettySeleniumFramework.tests.ErrorValidationTest" name="productErrorValidation" time="12.321"/>
  <testcase classname="RahulShettySeleniumFramework.tests.SubmitOrderTest" name="submitOrder" time="15.031"/>
  <testcase classname="RahulShettySeleniumFramework.tests.SubmitOrderTest" name="submitOrder" time="16.2"/>
</testsuite> <!-- Surefire test -->
