<?xml version="1.0" encoding="UTF-8"?>
<!-- Generated by org.testng.reporters.JUnitXMLReporter -->
<testsuite ignored="1" hostname="Ashish" failures="0" tests="1" name="Error Validation Tests" time="11.834" errors="0" timestamp="2025-04-01T18:22:04 IST">
  <testcase classname="RahulShettySeleniumFramework.tests.ErrorValidationTest" name="loginErrorValidation" time="1.013"/>
  <testcase classname="RahulShettySeleniumFramework.tests.ErrorValidationTest" name="productErrorValidation" time="0.0">
    <ignored/>
  </testcase> <!-- productErrorValidation -->
</testsuite> <!-- Error Validation Tests -->
