<?xml version="1.0" encoding="UTF-8"?>
<!-- Generated by org.testng.reporters.JUnitXMLReporter -->
<testsuite ignored="0" hostname="Ashish" failures="0" tests="2" name="Test" time="33.589" errors="0" timestamp="2025-04-02T15:41:15 IST">
  <testcase classname="RahulShettySeleniumFramework.tests.ErrorValidationTest" name="loginErrorValidation" time="1.462"/>
  <testcase classname="RahulShettySeleniumFramework.tests.ErrorValidationTest" name="productErrorValidation" time="12.61"/>
</testsuite> <!-- Test -->
