<?xml version="1.0" encoding="UTF-8"?>
<testng-results ignored="0" total="4" passed="4" failed="0" skipped="0">
  <reporter-output>
  </reporter-output>
  <suite started-at="2025-04-02T19:15:06 IST" name="Surefire suite" finished-at="2025-04-02T19:17:15 IST" duration-ms="129552">
    <groups>
      <group name="ErrorHandlingProduct">
        <method signature="ErrorValidationTest.productErrorValidation()[pri:0, instance:RahulShettySeleniumFramework.tests.ErrorValidationTest@6e4784bc]" name="productErrorValidation" class="RahulShettySeleniumFramework.tests.ErrorValidationTest"/>
      </group> <!-- ErrorHandlingProduct -->
      <group name="ErrorHandling">
        <method signature="ErrorValidationTest.loginErrorValidation()[pri:0, instance:RahulShettySeleniumFramework.tests.ErrorValidationTest@6e4784bc]" name="loginErrorValidation" class="RahulShettySeleniumFramework.tests.ErrorValidationTest"/>
      </group> <!-- ErrorHandling -->
    </groups>
    <test started-at="2025-04-02T19:15:06 IST" name="Surefire test" finished-at="2025-04-02T19:17:15 IST" duration-ms="129552">
      <class name="RahulShettySeleniumFramework.tests.ErrorValidationTest">
        <test-method is-config="true" signature="launchApplication()[pri:0, instance:RahulShettySeleniumFramework.tests.ErrorValidationTest@6e4784bc]" started-at="2025-04-02T19:15:07 IST" name="launchApplication" finished-at="2025-04-02T19:15:32 IST" duration-ms="25563" status="PASS">
          <reporter-output>
          </reporter-output>
        </test-method> <!-- launchApplication -->
        <test-method signature="loginErrorValidation()[pri:0, instance:RahulShettySeleniumFramework.tests.ErrorValidationTest@6e4784bc]" started-at="2025-04-02T19:15:32 IST" name="loginErrorValidation" finished-at="2025-04-02T19:15:34 IST" duration-ms="1781" status="PASS">
          <reporter-output>
          </reporter-output>
        </test-method> <!-- loginErrorValidation -->
        <test-method is-config="true" signature="tearDown()[pri:0, instance:RahulShettySeleniumFramework.tests.ErrorValidationTest@6e4784bc]" started-at="2025-04-02T19:15:34 IST" name="tearDown" finished-at="2025-04-02T19:15:38 IST" duration-ms="3537" status="PASS">
          <reporter-output>
          </reporter-output>
        </test-method> <!-- tearDown -->
        <test-method is-config="true" signature="launchApplication()[pri:0, instance:RahulShettySeleniumFramework.tests.ErrorValidationTest@6e4784bc]" started-at="2025-04-02T19:15:38 IST" name="launchApplication" finished-at="2025-04-02T19:15:52 IST" duration-ms="14667" status="PASS">
          <reporter-output>
          </reporter-output>
        </test-method> <!-- launchApplication -->
        <test-method signature="productErrorValidation()[pri:0, instance:RahulShettySeleniumFramework.tests.ErrorValidationTest@6e4784bc]" started-at="2025-04-02T19:15:52 IST" name="productErrorValidation" finished-at="2025-04-02T19:16:05 IST" duration-ms="12321" status="PASS">
          <reporter-output>
          </reporter-output>
        </test-method> <!-- productErrorValidation -->
        <test-method is-config="true" signature="tearDown()[pri:0, instance:RahulShettySeleniumFramework.tests.ErrorValidationTest@6e4784bc]" started-at="2025-04-02T19:16:05 IST" name="tearDown" finished-at="2025-04-02T19:16:09 IST" duration-ms="4727" status="PASS">
          <reporter-output>
          </reporter-output>
        </test-method> <!-- tearDown -->
      </class> <!-- RahulShettySeleniumFramework.tests.ErrorValidationTest -->
      <class name="RahulShettySeleniumFramework.tests.AppTest">
        <test-method is-config="true" signature="abc()[pri:0, instance:RahulShettySeleniumFramework.tests.AppTest@3d680b5a]" started-at="2025-04-02T19:15:06 IST" name="abc" finished-at="2025-04-02T19:15:07 IST" duration-ms="731" status="PASS">
          <reporter-output>
          </reporter-output>
        </test-method> <!-- abc -->
      </class> <!-- RahulShettySeleniumFramework.tests.AppTest -->
      <class name="RahulShettySeleniumFramework.tests.SubmitOrderTest">
        <test-method is-config="true" signature="launchApplication()[pri:0, instance:RahulShettySeleniumFramework.tests.SubmitOrderTest@34b7ac2f]" started-at="2025-04-02T19:16:09 IST" name="launchApplication" finished-at="2025-04-02T19:16:22 IST" duration-ms="13102" status="PASS">
          <reporter-output>
          </reporter-output>
        </test-method> <!-- launchApplication -->
        <test-method signature="submitOrder(java.lang.String,java.lang.String,java.lang.String,java.lang.String,java.lang.String,java.lang.String,java.lang.String,java.lang.String)[pri:0, instance:RahulShettySeleniumFramework.tests.SubmitOrderTest@34b7ac2f]" started-at="2025-04-02T19:16:22 IST" name="submitOrder" data-provider="getData" finished-at="2025-04-02T19:16:38 IST" duration-ms="15031" status="PASS">
          <params>
            <param index="0">
              <value>
                <![CDATA[ashishpawar1@gmail.lcl]]>
              </value>
            </param>
            <param index="1">
              <value>
                <![CDATA[@Shishpawar1]]>
              </value>
            </param>
            <param index="2">
              <value>
                <![CDATA[ADIDAS ORIGINAL]]>
              </value>
            </param>
            <param index="3">
              <value>
                <![CDATA[2222 3333 4444 5555]]>
              </value>
            </param>
            <param index="4">
              <value>
                <![CDATA[1234]]>
              </value>
            </param>
            <param index="5">
              <value>
                <![CDATA[Ashish Pawar]]>
              </value>
            </param>
            <param index="6">
              <value>
                <![CDATA[India]]>
              </value>
            </param>
            <param index="7">
              <value>
                <![CDATA[Thankyou for the order.]]>
              </value>
            </param>
          </params>
          <reporter-output>
          </reporter-output>
        </test-method> <!-- submitOrder -->
        <test-method is-config="true" signature="tearDown()[pri:0, instance:RahulShettySeleniumFramework.tests.SubmitOrderTest@34b7ac2f]" started-at="2025-04-02T19:16:38 IST" name="tearDown" finished-at="2025-04-02T19:16:41 IST" duration-ms="3653" status="PASS">
          <reporter-output>
          </reporter-output>
        </test-method> <!-- tearDown -->
        <test-method is-config="true" signature="launchApplication()[pri:0, instance:RahulShettySeleniumFramework.tests.SubmitOrderTest@34b7ac2f]" started-at="2025-04-02T19:16:41 IST" name="launchApplication" finished-at="2025-04-02T19:16:56 IST" duration-ms="15053" status="PASS">
          <reporter-output>
          </reporter-output>
        </test-method> <!-- launchApplication -->
        <test-method signature="submitOrder(java.lang.String,java.lang.String,java.lang.String,java.lang.String,java.lang.String,java.lang.String,java.lang.String,java.lang.String)[pri:0, instance:RahulShettySeleniumFramework.tests.SubmitOrderTest@34b7ac2f]" started-at="2025-04-02T19:16:56 IST" name="submitOrder" data-provider="getData" finished-at="2025-04-02T19:17:12 IST" duration-ms="16200" status="PASS">
          <params>
            <param index="0">
              <value>
                <![CDATA[ashishpawar1@gmail.lcl]]>
              </value>
            </param>
            <param index="1">
              <value>
                <![CDATA[@Shishpawar1]]>
              </value>
            </param>
            <param index="2">
              <value>
                <![CDATA[ZARA COAT 3]]>
              </value>
            </param>
            <param index="3">
              <value>
                <![CDATA[2222 3333 4444 5555]]>
              </value>
            </param>
            <param index="4">
              <value>
                <![CDATA[1234]]>
              </value>
            </param>
            <param index="5">
              <value>
                <![CDATA[Ashish Pawar]]>
              </value>
            </param>
            <param index="6">
              <value>
                <![CDATA[India]]>
              </value>
            </param>
            <param index="7">
              <value>
                <![CDATA[Thankyou for the order.]]>
              </value>
            </param>
          </params>
          <reporter-output>
          </reporter-output>
        </test-method> <!-- submitOrder -->
        <test-method is-config="true" signature="tearDown()[pri:0, instance:RahulShettySeleniumFramework.tests.SubmitOrderTest@34b7ac2f]" started-at="2025-04-02T19:17:12 IST" name="tearDown" finished-at="2025-04-02T19:17:15 IST" duration-ms="3023" status="PASS">
          <reporter-output>
          </reporter-output>
        </test-method> <!-- tearDown -->
      </class> <!-- RahulShettySeleniumFramework.tests.SubmitOrderTest -->
    </test> <!-- Surefire test -->
  </suite> <!-- Surefire suite -->
</testng-results>
