<?xml version="1.0" encoding="UTF-8"?>
<testng-results ignored="0" total="1" passed="1" failed="0" skipped="0">
  <reporter-output>
  </reporter-output>
  <suite started-at="2025-04-03T18:18:12 IST" name="Default suite" finished-at="2025-04-03T18:18:23 IST" duration-ms="11178">
    <groups>
      <group name="cucumber">
        <method signature="AbstractTestNGCucumberTests.runScenario(io.cucumber.testng.PickleWrapper,io.cucumber.testng.FeatureWrapper)[pri:0, instance:RahulShettySeleniumFramework.testRunner.CucumberTestRunnerTestNG@45c7e403]" name="runScenario" class="io.cucumber.testng.AbstractTestNGCucumberTests"/>
      </group> <!-- cucumber -->
    </groups>
    <test started-at="2025-04-03T18:18:12 IST" name="Default test" finished-at="2025-04-03T18:18:23 IST" duration-ms="11178">
      <class name="RahulShettySeleniumFramework.testRunner.CucumberTestRunnerTestNG">
        <test-method is-config="true" signature="setUpClass(org.testng.ITestContext)[pri:0, instance:RahulShettySeleniumFramework.testRunner.CucumberTestRunnerTestNG@45c7e403]" started-at="2025-04-03T18:18:12 IST" name="setUpClass" finished-at="2025-04-03T18:18:14 IST" duration-ms="1661" status="PASS">
          <params>
            <param index="0">
              <value>
                <![CDATA[org.testng.TestRunner@36fcf6c0]]>
              </value>
            </param>
          </params>
          <reporter-output>
          </reporter-output>
        </test-method> <!-- setUpClass -->
        <test-method signature="runScenario(io.cucumber.testng.PickleWrapper,io.cucumber.testng.FeatureWrapper)[pri:0, instance:RahulShettySeleniumFramework.testRunner.CucumberTestRunnerTestNG@45c7e403]" started-at="2025-04-03T18:18:14 IST" name="runScenario" description="Runs Cucumber Scenarios" data-provider="scenarios" finished-at="2025-04-03T18:18:23 IST" duration-ms="9306" status="PASS">
          <params>
            <param index="0">
              <value>
                <![CDATA["Wrong user name or password error validation"]]>
              </value>
            </param>
            <param index="1">
              <value>
                <![CDATA["Login page errors validation"]]>
              </value>
            </param>
          </params>
          <reporter-output>
          </reporter-output>
        </test-method> <!-- runScenario -->
        <test-method is-config="true" signature="tearDownClass()[pri:0, instance:RahulShettySeleniumFramework.testRunner.CucumberTestRunnerTestNG@45c7e403]" started-at="2025-04-03T18:18:23 IST" name="tearDownClass" finished-at="2025-04-03T18:18:23 IST" duration-ms="79" status="PASS">
          <reporter-output>
          </reporter-output>
        </test-method> <!-- tearDownClass -->
      </class> <!-- RahulShettySeleniumFramework.testRunner.CucumberTestRunnerTestNG -->
    </test> <!-- Default test -->
  </suite> <!-- Default suite -->
</testng-results>
